{"C:\\Users\\USER\\Dropbox\\Cursos\\Node\\05-NOC\\src\\config\\plugins\\envs.plugin.ts": {"path":"C:\\Users\\USER\\Dropbox\\Cursos\\Node\\05-NOC\\src\\config\\plugins\\envs.plugin.ts","all":false,"statementMap":{"0":{"start":{"line":1,"column":0},"end":{"line":1,"column":22}},"1":{"start":{"line":2,"column":0},"end":{"line":2,"column":30}},"2":{"start":{"line":3,"column":0},"end":{"line":3,"column":0}},"3":{"start":{"line":4,"column":0},"end":{"line":4,"column":0}},"4":{"start":{"line":5,"column":0},"end":{"line":5,"column":20}},"5":{"start":{"line":6,"column":0},"end":{"line":6,"column":52}},"6":{"start":{"line":7,"column":0},"end":{"line":7,"column":68}},"7":{"start":{"line":8,"column":0},"end":{"line":8,"column":69}},"8":{"start":{"line":9,"column":0},"end":{"line":9,"column":73}},"9":{"start":{"line":10,"column":0},"end":{"line":10,"column":45}},"10":{"start":{"line":11,"column":0},"end":{"line":11,"column":14}},"11":{"start":{"line":12,"column":0},"end":{"line":12,"column":57}},"12":{"start":{"line":13,"column":0},"end":{"line":13,"column":65}},"13":{"start":{"line":14,"column":0},"end":{"line":14,"column":59}},"14":{"start":{"line":15,"column":0},"end":{"line":15,"column":58}},"15":{"start":{"line":16,"column":0},"end":{"line":16,"column":1}}},"s":{"0":1,"1":1,"2":1,"3":1,"4":1,"5":1,"6":1,"7":1,"8":1,"9":1,"10":1,"11":1,"12":1,"13":1,"14":1,"15":1},"branchMap":{},"b":{},"fnMap":{},"f":{}}
,"C:\\Users\\USER\\Dropbox\\Cursos\\Node\\05-NOC\\src\\data\\mongo\\index.ts": {"path":"C:\\Users\\USER\\Dropbox\\Cursos\\Node\\05-NOC\\src\\data\\mongo\\index.ts","all":false,"statementMap":{"0":{"start":{"line":1,"column":0},"end":{"line":1,"column":0}},"1":{"start":{"line":2,"column":0},"end":{"line":2,"column":0}},"2":{"start":{"line":3,"column":0},"end":{"line":3,"column":23}},"3":{"start":{"line":4,"column":0},"end":{"line":4,"column":35}}},"s":{"0":1,"1":1,"2":1,"3":1},"branchMap":{},"b":{},"fnMap":{},"f":{}}
,"C:\\Users\\USER\\Dropbox\\Cursos\\Node\\05-NOC\\src\\domain\\entities\\log.entity.ts": {"path":"C:\\Users\\USER\\Dropbox\\Cursos\\Node\\05-NOC\\src\\domain\\entities\\log.entity.ts","all":false,"statementMap":{"0":{"start":{"line":1,"column":0},"end":{"line":1,"column":47}},"1":{"start":{"line":2,"column":0},"end":{"line":2,"column":0}},"2":{"start":{"line":3,"column":0},"end":{"line":3,"column":29}},"3":{"start":{"line":4,"column":0},"end":{"line":4,"column":14}},"4":{"start":{"line":5,"column":0},"end":{"line":5,"column":20}},"5":{"start":{"line":6,"column":0},"end":{"line":6,"column":16}},"6":{"start":{"line":7,"column":0},"end":{"line":7,"column":1}},"7":{"start":{"line":8,"column":0},"end":{"line":8,"column":0}},"8":{"start":{"line":9,"column":0},"end":{"line":9,"column":34}},"9":{"start":{"line":10,"column":0},"end":{"line":10,"column":35}},"10":{"start":{"line":11,"column":0},"end":{"line":11,"column":20}},"11":{"start":{"line":12,"column":0},"end":{"line":12,"column":21}},"12":{"start":{"line":13,"column":0},"end":{"line":13,"column":22}},"13":{"start":{"line":14,"column":0},"end":{"line":14,"column":0}},"14":{"start":{"line":15,"column":0},"end":{"line":15,"column":1}},"15":{"start":{"line":16,"column":0},"end":{"line":16,"column":0}},"16":{"start":{"line":17,"column":0},"end":{"line":17,"column":23}},"17":{"start":{"line":18,"column":0},"end":{"line":18,"column":41}},"18":{"start":{"line":19,"column":0},"end":{"line":19,"column":26}},"19":{"start":{"line":20,"column":0},"end":{"line":20,"column":27}},"20":{"start":{"line":21,"column":0},"end":{"line":21,"column":27}},"21":{"start":{"line":22,"column":0},"end":{"line":22,"column":0}},"22":{"start":{"line":23,"column":0},"end":{"line":23,"column":0}},"23":{"start":{"line":24,"column":0},"end":{"line":24,"column":0}},"24":{"start":{"line":25,"column":0},"end":{"line":25,"column":42}},"25":{"start":{"line":26,"column":0},"end":{"line":26,"column":71}},"26":{"start":{"line":27,"column":0},"end":{"line":27,"column":30}},"27":{"start":{"line":28,"column":0},"end":{"line":28,"column":26}},"28":{"start":{"line":29,"column":0},"end":{"line":29,"column":33}},"29":{"start":{"line":30,"column":0},"end":{"line":30,"column":28}},"30":{"start":{"line":31,"column":0},"end":{"line":31,"column":0}},"31":{"start":{"line":32,"column":0},"end":{"line":32,"column":5}},"32":{"start":{"line":33,"column":0},"end":{"line":33,"column":0}},"33":{"start":{"line":34,"column":0},"end":{"line":34,"column":52}},"34":{"start":{"line":35,"column":0},"end":{"line":35,"column":38}},"35":{"start":{"line":36,"column":0},"end":{"line":36,"column":68}},"36":{"start":{"line":37,"column":0},"end":{"line":37,"column":34}},"37":{"start":{"line":38,"column":0},"end":{"line":38,"column":28}},"38":{"start":{"line":39,"column":0},"end":{"line":39,"column":24}},"39":{"start":{"line":40,"column":0},"end":{"line":40,"column":42}},"40":{"start":{"line":41,"column":0},"end":{"line":41,"column":25}},"41":{"start":{"line":42,"column":0},"end":{"line":42,"column":18}},"42":{"start":{"line":43,"column":0},"end":{"line":43,"column":19}},"43":{"start":{"line":44,"column":0},"end":{"line":44,"column":5}},"44":{"start":{"line":45,"column":0},"end":{"line":45,"column":0}},"45":{"start":{"line":46,"column":0},"end":{"line":46,"column":62}},"46":{"start":{"line":47,"column":0},"end":{"line":47,"column":57}},"47":{"start":{"line":48,"column":0},"end":{"line":48,"column":34}},"48":{"start":{"line":49,"column":0},"end":{"line":49,"column":45}},"49":{"start":{"line":50,"column":0},"end":{"line":50,"column":10}},"50":{"start":{"line":51,"column":0},"end":{"line":51,"column":19}},"51":{"start":{"line":52,"column":0},"end":{"line":52,"column":5}},"52":{"start":{"line":53,"column":0},"end":{"line":53,"column":0}},"53":{"start":{"line":54,"column":0},"end":{"line":54,"column":0}},"54":{"start":{"line":55,"column":0},"end":{"line":55,"column":0}},"55":{"start":{"line":56,"column":0},"end":{"line":56,"column":3}},"56":{"start":{"line":57,"column":0},"end":{"line":57,"column":0}},"57":{"start":{"line":58,"column":0},"end":{"line":58,"column":1}}},"s":{"0":1,"1":1,"2":5,"3":5,"4":5,"5":5,"6":5,"7":1,"8":1,"9":1,"10":1,"11":1,"12":1,"13":1,"14":1,"15":1,"16":1,"17":1,"18":1,"19":1,"20":1,"21":1,"22":1,"23":1,"24":1,"25":24,"26":24,"27":24,"28":24,"29":24,"30":24,"31":24,"32":1,"33":1,"34":11,"35":11,"36":11,"37":11,"38":11,"39":11,"40":11,"41":11,"42":11,"43":11,"44":1,"45":1,"46":3,"47":3,"48":3,"49":3,"50":3,"51":3,"52":1,"53":1,"54":1,"55":1,"56":1,"57":1},"branchMap":{"0":{"type":"branch","line":3,"loc":{"start":{"line":3,"column":0},"end":{"line":7,"column":1}},"locations":[{"start":{"line":3,"column":0},"end":{"line":7,"column":1}}]},"1":{"type":"branch","line":25,"loc":{"start":{"line":25,"column":4},"end":{"line":32,"column":5}},"locations":[{"start":{"line":25,"column":4},"end":{"line":32,"column":5}}]},"2":{"type":"branch","line":34,"loc":{"start":{"line":34,"column":20},"end":{"line":44,"column":5}},"locations":[{"start":{"line":34,"column":20},"end":{"line":44,"column":5}}]},"3":{"type":"branch","line":35,"loc":{"start":{"line":35,"column":26},"end":{"line":35,"column":32}},"locations":[{"start":{"line":35,"column":26},"end":{"line":35,"column":32}}]},"4":{"type":"branch","line":35,"loc":{"start":{"line":35,"column":32},"end":{"line":35,"column":37}},"locations":[{"start":{"line":35,"column":32},"end":{"line":35,"column":37}}]},"5":{"type":"branch","line":46,"loc":{"start":{"line":46,"column":22},"end":{"line":52,"column":5}},"locations":[{"start":{"line":46,"column":22},"end":{"line":52,"column":5}}]}},"b":{"0":[5],"1":[24],"2":[11],"3":[3],"4":[8],"5":[3]},"fnMap":{"0":{"name":"LogEntity","decl":{"start":{"line":25,"column":4},"end":{"line":32,"column":5}},"loc":{"start":{"line":25,"column":4},"end":{"line":32,"column":5}},"line":25},"1":{"name":"Object.<anonymous>.LogEntity.fromJson","decl":{"start":{"line":34,"column":20},"end":{"line":44,"column":5}},"loc":{"start":{"line":34,"column":20},"end":{"line":44,"column":5}},"line":34},"2":{"name":"Object.<anonymous>.LogEntity.fromObject","decl":{"start":{"line":46,"column":22},"end":{"line":52,"column":5}},"loc":{"start":{"line":46,"column":22},"end":{"line":52,"column":5}},"line":46}},"f":{"0":24,"1":11,"2":3}}
,"C:\\Users\\USER\\Dropbox\\Cursos\\Node\\05-NOC\\src\\domain\\use-cases\\checks\\check-service-multiple.ts": {"path":"C:\\Users\\USER\\Dropbox\\Cursos\\Node\\05-NOC\\src\\domain\\use-cases\\checks\\check-service-multiple.ts","all":false,"statementMap":{"0":{"start":{"line":1,"column":0},"end":{"line":1,"column":90}},"1":{"start":{"line":2,"column":0},"end":{"line":2,"column":64}},"2":{"start":{"line":3,"column":0},"end":{"line":3,"column":0}},"3":{"start":{"line":4,"column":0},"end":{"line":4,"column":0}},"4":{"start":{"line":5,"column":0},"end":{"line":5,"column":46}},"5":{"start":{"line":6,"column":0},"end":{"line":6,"column":42}},"6":{"start":{"line":7,"column":0},"end":{"line":7,"column":1}},"7":{"start":{"line":8,"column":0},"end":{"line":8,"column":0}},"8":{"start":{"line":9,"column":0},"end":{"line":9,"column":0}},"9":{"start":{"line":10,"column":0},"end":{"line":10,"column":48}},"10":{"start":{"line":11,"column":0},"end":{"line":11,"column":61}},"11":{"start":{"line":12,"column":0},"end":{"line":12,"column":0}},"12":{"start":{"line":13,"column":0},"end":{"line":13,"column":0}},"13":{"start":{"line":14,"column":0},"end":{"line":14,"column":0}},"14":{"start":{"line":15,"column":0},"end":{"line":15,"column":0}},"15":{"start":{"line":16,"column":0},"end":{"line":16,"column":81}},"16":{"start":{"line":17,"column":0},"end":{"line":17,"column":0}},"17":{"start":{"line":18,"column":0},"end":{"line":18,"column":14}},"18":{"start":{"line":19,"column":0},"end":{"line":19,"column":52}},"19":{"start":{"line":20,"column":0},"end":{"line":20,"column":54}},"20":{"start":{"line":21,"column":0},"end":{"line":21,"column":49}},"21":{"start":{"line":22,"column":0},"end":{"line":22,"column":6}},"22":{"start":{"line":23,"column":0},"end":{"line":23,"column":0}},"23":{"start":{"line":24,"column":0},"end":{"line":24,"column":0}},"24":{"start":{"line":25,"column":0},"end":{"line":25,"column":34}},"25":{"start":{"line":26,"column":0},"end":{"line":26,"column":47}},"26":{"start":{"line":27,"column":0},"end":{"line":27,"column":33}},"27":{"start":{"line":28,"column":0},"end":{"line":28,"column":6}},"28":{"start":{"line":29,"column":0},"end":{"line":29,"column":3}},"29":{"start":{"line":30,"column":0},"end":{"line":30,"column":0}},"30":{"start":{"line":31,"column":0},"end":{"line":31,"column":57}},"31":{"start":{"line":32,"column":0},"end":{"line":32,"column":0}},"32":{"start":{"line":33,"column":0},"end":{"line":33,"column":9}},"33":{"start":{"line":34,"column":0},"end":{"line":34,"column":37}},"34":{"start":{"line":35,"column":0},"end":{"line":35,"column":22}},"35":{"start":{"line":36,"column":0},"end":{"line":36,"column":61}},"36":{"start":{"line":37,"column":0},"end":{"line":37,"column":7}},"37":{"start":{"line":38,"column":0},"end":{"line":38,"column":0}},"38":{"start":{"line":39,"column":0},"end":{"line":39,"column":38}},"39":{"start":{"line":40,"column":0},"end":{"line":40,"column":37}},"40":{"start":{"line":41,"column":0},"end":{"line":41,"column":44}},"41":{"start":{"line":42,"column":0},"end":{"line":42,"column":30}},"42":{"start":{"line":43,"column":0},"end":{"line":43,"column":8}},"43":{"start":{"line":44,"column":0},"end":{"line":44,"column":6}},"44":{"start":{"line":45,"column":0},"end":{"line":45,"column":43}},"45":{"start":{"line":46,"column":0},"end":{"line":46,"column":27}},"46":{"start":{"line":47,"column":0},"end":{"line":47,"column":53}},"47":{"start":{"line":48,"column":0},"end":{"line":48,"column":0}},"48":{"start":{"line":49,"column":0},"end":{"line":49,"column":18}},"49":{"start":{"line":50,"column":0},"end":{"line":50,"column":21}},"50":{"start":{"line":51,"column":0},"end":{"line":51,"column":58}},"51":{"start":{"line":52,"column":0},"end":{"line":52,"column":39}},"52":{"start":{"line":53,"column":0},"end":{"line":53,"column":38}},"53":{"start":{"line":54,"column":0},"end":{"line":54,"column":30}},"54":{"start":{"line":55,"column":0},"end":{"line":55,"column":30}},"55":{"start":{"line":56,"column":0},"end":{"line":56,"column":8}},"56":{"start":{"line":57,"column":0},"end":{"line":57,"column":6}},"57":{"start":{"line":58,"column":0},"end":{"line":58,"column":6}},"58":{"start":{"line":59,"column":0},"end":{"line":59,"column":45}},"59":{"start":{"line":60,"column":0},"end":{"line":60,"column":25}},"60":{"start":{"line":61,"column":0},"end":{"line":61,"column":6}},"61":{"start":{"line":62,"column":0},"end":{"line":62,"column":63}},"62":{"start":{"line":63,"column":0},"end":{"line":63,"column":0}},"63":{"start":{"line":64,"column":0},"end":{"line":64,"column":19}},"64":{"start":{"line":65,"column":0},"end":{"line":65,"column":5}},"65":{"start":{"line":66,"column":0},"end":{"line":66,"column":0}},"66":{"start":{"line":67,"column":0},"end":{"line":67,"column":3}},"67":{"start":{"line":68,"column":0},"end":{"line":68,"column":0}},"68":{"start":{"line":69,"column":0},"end":{"line":69,"column":1}}},"s":{"0":1,"1":1,"2":1,"3":1,"4":1,"5":1,"6":1,"7":1,"8":1,"9":1,"10":1,"11":1,"12":1,"13":1,"14":1,"15":1,"16":1,"17":1,"18":1,"19":1,"20":1,"21":1,"22":1,"23":1,"24":1,"25":2,"26":6,"27":2,"28":2,"29":1,"30":1,"31":2,"32":2,"33":2,"34":2,"35":0,"36":0,"37":1,"38":1,"39":1,"40":1,"41":1,"42":1,"43":1,"44":1,"45":1,"46":2,"47":2,"48":2,"49":2,"50":1,"51":1,"52":1,"53":1,"54":1,"55":1,"56":1,"57":1,"58":1,"59":1,"60":1,"61":1,"62":1,"63":1,"64":1,"65":2,"66":2,"67":1,"68":1},"branchMap":{"0":{"type":"branch","line":18,"loc":{"start":{"line":18,"column":2},"end":{"line":22,"column":6}},"locations":[{"start":{"line":18,"column":2},"end":{"line":22,"column":6}}]},"1":{"type":"branch","line":25,"loc":{"start":{"line":25,"column":10},"end":{"line":29,"column":3}},"locations":[{"start":{"line":25,"column":10},"end":{"line":29,"column":3}}]},"2":{"type":"branch","line":26,"loc":{"start":{"line":26,"column":31},"end":{"line":28,"column":5}},"locations":[{"start":{"line":26,"column":31},"end":{"line":28,"column":5}}]},"3":{"type":"branch","line":31,"loc":{"start":{"line":31,"column":15},"end":{"line":67,"column":3}},"locations":[{"start":{"line":31,"column":15},"end":{"line":67,"column":3}}]},"4":{"type":"branch","line":35,"loc":{"start":{"line":35,"column":-2},"end":{"line":35,"column":21}},"locations":[{"start":{"line":35,"column":-2},"end":{"line":35,"column":21}}]},"5":{"type":"branch","line":35,"loc":{"start":{"line":35,"column":21},"end":{"line":37,"column":7}},"locations":[{"start":{"line":35,"column":21},"end":{"line":37,"column":7}}]},"6":{"type":"branch","line":38,"loc":{"start":{"line":38,"column":-2},"end":{"line":47,"column":52}},"locations":[{"start":{"line":38,"column":-2},"end":{"line":47,"column":52}}]},"7":{"type":"branch","line":50,"loc":{"start":{"line":50,"column":6},"end":{"line":65,"column":5}},"locations":[{"start":{"line":50,"column":6},"end":{"line":65,"column":5}}]}},"b":{"0":[1],"1":[2],"2":[6],"3":[2],"4":[1],"5":[0],"6":[1],"7":[1]},"fnMap":{"0":{"name":"CheckServiceMultiple","decl":{"start":{"line":18,"column":2},"end":{"line":22,"column":6}},"loc":{"start":{"line":18,"column":2},"end":{"line":22,"column":6}},"line":18},"1":{"name":"callLogs","decl":{"start":{"line":25,"column":10},"end":{"line":29,"column":3}},"loc":{"start":{"line":25,"column":10},"end":{"line":29,"column":3}},"line":25},"2":{"name":"execute","decl":{"start":{"line":31,"column":15},"end":{"line":67,"column":3}},"loc":{"start":{"line":31,"column":15},"end":{"line":67,"column":3}},"line":31}},"f":{"0":1,"1":2,"2":2}}
,"C:\\Users\\USER\\Dropbox\\Cursos\\Node\\05-NOC\\src\\domain\\use-cases\\checks\\check-service.ts": {"path":"C:\\Users\\USER\\Dropbox\\Cursos\\Node\\05-NOC\\src\\domain\\use-cases\\checks\\check-service.ts","all":false,"statementMap":{"0":{"start":{"line":1,"column":0},"end":{"line":1,"column":90}},"1":{"start":{"line":2,"column":0},"end":{"line":2,"column":64}},"2":{"start":{"line":3,"column":0},"end":{"line":3,"column":0}},"3":{"start":{"line":4,"column":0},"end":{"line":4,"column":0}},"4":{"start":{"line":5,"column":0},"end":{"line":5,"column":31}},"5":{"start":{"line":6,"column":0},"end":{"line":6,"column":42}},"6":{"start":{"line":7,"column":0},"end":{"line":7,"column":1}},"7":{"start":{"line":8,"column":0},"end":{"line":8,"column":0}},"8":{"start":{"line":9,"column":0},"end":{"line":9,"column":0}},"9":{"start":{"line":10,"column":0},"end":{"line":10,"column":48}},"10":{"start":{"line":11,"column":0},"end":{"line":11,"column":61}},"11":{"start":{"line":12,"column":0},"end":{"line":12,"column":0}},"12":{"start":{"line":13,"column":0},"end":{"line":13,"column":0}},"13":{"start":{"line":14,"column":0},"end":{"line":14,"column":0}},"14":{"start":{"line":15,"column":0},"end":{"line":15,"column":0}},"15":{"start":{"line":16,"column":0},"end":{"line":16,"column":58}},"16":{"start":{"line":17,"column":0},"end":{"line":17,"column":0}},"17":{"start":{"line":18,"column":0},"end":{"line":18,"column":14}},"18":{"start":{"line":19,"column":0},"end":{"line":19,"column":50}},"19":{"start":{"line":20,"column":0},"end":{"line":20,"column":54}},"20":{"start":{"line":21,"column":0},"end":{"line":21,"column":49}},"21":{"start":{"line":22,"column":0},"end":{"line":22,"column":6}},"22":{"start":{"line":23,"column":0},"end":{"line":23,"column":0}},"23":{"start":{"line":24,"column":0},"end":{"line":24,"column":0}},"24":{"start":{"line":25,"column":0},"end":{"line":25,"column":57}},"25":{"start":{"line":26,"column":0},"end":{"line":26,"column":0}},"26":{"start":{"line":27,"column":0},"end":{"line":27,"column":9}},"27":{"start":{"line":28,"column":0},"end":{"line":28,"column":37}},"28":{"start":{"line":29,"column":0},"end":{"line":29,"column":22}},"29":{"start":{"line":30,"column":0},"end":{"line":30,"column":61}},"30":{"start":{"line":31,"column":0},"end":{"line":31,"column":7}},"31":{"start":{"line":32,"column":0},"end":{"line":32,"column":0}},"32":{"start":{"line":33,"column":0},"end":{"line":33,"column":38}},"33":{"start":{"line":34,"column":0},"end":{"line":34,"column":37}},"34":{"start":{"line":35,"column":0},"end":{"line":35,"column":44}},"35":{"start":{"line":36,"column":0},"end":{"line":36,"column":30}},"36":{"start":{"line":37,"column":0},"end":{"line":37,"column":8}},"37":{"start":{"line":38,"column":0},"end":{"line":38,"column":6}},"38":{"start":{"line":39,"column":0},"end":{"line":39,"column":43}},"39":{"start":{"line":40,"column":0},"end":{"line":40,"column":40}},"40":{"start":{"line":41,"column":0},"end":{"line":41,"column":53}},"41":{"start":{"line":42,"column":0},"end":{"line":42,"column":0}},"42":{"start":{"line":43,"column":0},"end":{"line":43,"column":18}},"43":{"start":{"line":44,"column":0},"end":{"line":44,"column":21}},"44":{"start":{"line":45,"column":0},"end":{"line":45,"column":58}},"45":{"start":{"line":46,"column":0},"end":{"line":46,"column":39}},"46":{"start":{"line":47,"column":0},"end":{"line":47,"column":38}},"47":{"start":{"line":48,"column":0},"end":{"line":48,"column":30}},"48":{"start":{"line":49,"column":0},"end":{"line":49,"column":30}},"49":{"start":{"line":50,"column":0},"end":{"line":50,"column":8}},"50":{"start":{"line":51,"column":0},"end":{"line":51,"column":6}},"51":{"start":{"line":52,"column":0},"end":{"line":52,"column":6}},"52":{"start":{"line":53,"column":0},"end":{"line":53,"column":45}},"53":{"start":{"line":54,"column":0},"end":{"line":54,"column":38}},"54":{"start":{"line":55,"column":0},"end":{"line":55,"column":6}},"55":{"start":{"line":56,"column":0},"end":{"line":56,"column":63}},"56":{"start":{"line":57,"column":0},"end":{"line":57,"column":0}},"57":{"start":{"line":58,"column":0},"end":{"line":58,"column":19}},"58":{"start":{"line":59,"column":0},"end":{"line":59,"column":5}},"59":{"start":{"line":60,"column":0},"end":{"line":60,"column":0}},"60":{"start":{"line":61,"column":0},"end":{"line":61,"column":3}},"61":{"start":{"line":62,"column":0},"end":{"line":62,"column":0}},"62":{"start":{"line":63,"column":0},"end":{"line":63,"column":1}}},"s":{"0":1,"1":1,"2":1,"3":1,"4":1,"5":1,"6":1,"7":1,"8":1,"9":1,"10":1,"11":1,"12":1,"13":1,"14":1,"15":1,"16":1,"17":1,"18":1,"19":1,"20":1,"21":1,"22":1,"23":1,"24":1,"25":2,"26":2,"27":2,"28":2,"29":0,"30":0,"31":1,"32":1,"33":1,"34":1,"35":1,"36":1,"37":1,"38":1,"39":1,"40":2,"41":2,"42":2,"43":2,"44":1,"45":1,"46":1,"47":1,"48":1,"49":1,"50":1,"51":1,"52":1,"53":1,"54":1,"55":1,"56":1,"57":1,"58":1,"59":2,"60":2,"61":1,"62":1},"branchMap":{"0":{"type":"branch","line":18,"loc":{"start":{"line":18,"column":2},"end":{"line":22,"column":6}},"locations":[{"start":{"line":18,"column":2},"end":{"line":22,"column":6}}]},"1":{"type":"branch","line":25,"loc":{"start":{"line":25,"column":15},"end":{"line":61,"column":3}},"locations":[{"start":{"line":25,"column":15},"end":{"line":61,"column":3}}]},"2":{"type":"branch","line":29,"loc":{"start":{"line":29,"column":-2},"end":{"line":29,"column":21}},"locations":[{"start":{"line":29,"column":-2},"end":{"line":29,"column":21}}]},"3":{"type":"branch","line":29,"loc":{"start":{"line":29,"column":21},"end":{"line":31,"column":7}},"locations":[{"start":{"line":29,"column":21},"end":{"line":31,"column":7}}]},"4":{"type":"branch","line":32,"loc":{"start":{"line":32,"column":-2},"end":{"line":41,"column":52}},"locations":[{"start":{"line":32,"column":-2},"end":{"line":41,"column":52}}]},"5":{"type":"branch","line":44,"loc":{"start":{"line":44,"column":6},"end":{"line":59,"column":5}},"locations":[{"start":{"line":44,"column":6},"end":{"line":59,"column":5}}]}},"b":{"0":[1],"1":[2],"2":[1],"3":[0],"4":[1],"5":[1]},"fnMap":{"0":{"name":"CheckService","decl":{"start":{"line":18,"column":2},"end":{"line":22,"column":6}},"loc":{"start":{"line":18,"column":2},"end":{"line":22,"column":6}},"line":18},"1":{"name":"execute","decl":{"start":{"line":25,"column":15},"end":{"line":61,"column":3}},"loc":{"start":{"line":25,"column":15},"end":{"line":61,"column":3}},"line":25}},"f":{"0":1,"1":2}}
,"C:\\Users\\USER\\Dropbox\\Cursos\\Node\\05-NOC\\src\\domain\\use-cases\\email\\send-email.logs.ts": {"path":"C:\\Users\\USER\\Dropbox\\Cursos\\Node\\05-NOC\\src\\domain\\use-cases\\email\\send-email.logs.ts","all":false,"statementMap":{"0":{"start":{"line":1,"column":0},"end":{"line":1,"column":73}},"1":{"start":{"line":2,"column":0},"end":{"line":2,"column":72}},"2":{"start":{"line":3,"column":0},"end":{"line":3,"column":64}},"3":{"start":{"line":4,"column":0},"end":{"line":4,"column":30}},"4":{"start":{"line":5,"column":0},"end":{"line":5,"column":50}},"5":{"start":{"line":6,"column":0},"end":{"line":6,"column":1}},"6":{"start":{"line":7,"column":0},"end":{"line":7,"column":0}},"7":{"start":{"line":8,"column":0},"end":{"line":8,"column":58}},"8":{"start":{"line":9,"column":0},"end":{"line":9,"column":3}},"9":{"start":{"line":10,"column":0},"end":{"line":10,"column":16}},"10":{"start":{"line":11,"column":0},"end":{"line":11,"column":51}},"11":{"start":{"line":12,"column":0},"end":{"line":12,"column":53}},"12":{"start":{"line":13,"column":0},"end":{"line":13,"column":7}},"13":{"start":{"line":14,"column":0},"end":{"line":14,"column":3}},"14":{"start":{"line":15,"column":0},"end":{"line":15,"column":42}},"15":{"start":{"line":16,"column":0},"end":{"line":16,"column":12}},"16":{"start":{"line":17,"column":0},"end":{"line":17,"column":80}},"17":{"start":{"line":18,"column":0},"end":{"line":18,"column":22}},"18":{"start":{"line":19,"column":0},"end":{"line":19,"column":58}},"19":{"start":{"line":20,"column":0},"end":{"line":20,"column":13}},"20":{"start":{"line":21,"column":0},"end":{"line":21,"column":9}},"21":{"start":{"line":22,"column":0},"end":{"line":22,"column":21}},"22":{"start":{"line":23,"column":0},"end":{"line":23,"column":38}},"23":{"start":{"line":24,"column":0},"end":{"line":24,"column":35}},"24":{"start":{"line":25,"column":0},"end":{"line":25,"column":44}},"25":{"start":{"line":26,"column":0},"end":{"line":26,"column":43}},"26":{"start":{"line":27,"column":0},"end":{"line":27,"column":14}},"27":{"start":{"line":28,"column":0},"end":{"line":28,"column":44}},"28":{"start":{"line":29,"column":0},"end":{"line":29,"column":25}},"29":{"start":{"line":30,"column":0},"end":{"line":30,"column":9}},"30":{"start":{"line":31,"column":0},"end":{"line":31,"column":0}},"31":{"start":{"line":32,"column":0},"end":{"line":32,"column":20}},"32":{"start":{"line":33,"column":0},"end":{"line":33,"column":5}},"33":{"start":{"line":34,"column":0},"end":{"line":34,"column":0}},"34":{"start":{"line":35,"column":0},"end":{"line":35,"column":1}}},"s":{"0":1,"1":1,"2":1,"3":1,"4":1,"5":1,"6":1,"7":1,"8":1,"9":1,"10":1,"11":1,"12":1,"13":1,"14":1,"15":2,"16":2,"17":2,"18":1,"19":1,"20":2,"21":2,"22":1,"23":1,"24":1,"25":1,"26":1,"27":1,"28":1,"29":1,"30":1,"31":1,"32":1,"33":1,"34":1},"branchMap":{"0":{"type":"branch","line":10,"loc":{"start":{"line":10,"column":4},"end":{"line":13,"column":7}},"locations":[{"start":{"line":10,"column":4},"end":{"line":13,"column":7}}]},"1":{"type":"branch","line":15,"loc":{"start":{"line":15,"column":10},"end":{"line":33,"column":5}},"locations":[{"start":{"line":15,"column":10},"end":{"line":33,"column":5}}]},"2":{"type":"branch","line":18,"loc":{"start":{"line":18,"column":21},"end":{"line":20,"column":13}},"locations":[{"start":{"line":18,"column":21},"end":{"line":20,"column":13}}]},"3":{"type":"branch","line":22,"loc":{"start":{"line":22,"column":8},"end":{"line":33,"column":5}},"locations":[{"start":{"line":22,"column":8},"end":{"line":33,"column":5}}]}},"b":{"0":[1],"1":[2],"2":[1],"3":[1]},"fnMap":{"0":{"name":"SendEmailLogs","decl":{"start":{"line":10,"column":4},"end":{"line":13,"column":7}},"loc":{"start":{"line":10,"column":4},"end":{"line":13,"column":7}},"line":10},"1":{"name":"execute","decl":{"start":{"line":15,"column":10},"end":{"line":33,"column":5}},"loc":{"start":{"line":15,"column":10},"end":{"line":33,"column":5}},"line":15}},"f":{"0":1,"1":2}}
,"C:\\Users\\USER\\Dropbox\\Cursos\\Node\\05-NOC\\src\\infraestructure\\datasources\\file-system.datasource.ts": {"path":"C:\\Users\\USER\\Dropbox\\Cursos\\Node\\05-NOC\\src\\infraestructure\\datasources\\file-system.datasource.ts","all":false,"statementMap":{"0":{"start":{"line":1,"column":0},"end":{"line":1,"column":20}},"1":{"start":{"line":2,"column":0},"end":{"line":2,"column":72}},"2":{"start":{"line":3,"column":0},"end":{"line":3,"column":79}},"3":{"start":{"line":4,"column":0},"end":{"line":4,"column":0}},"4":{"start":{"line":5,"column":0},"end":{"line":5,"column":0}},"5":{"start":{"line":6,"column":0},"end":{"line":6,"column":59}},"6":{"start":{"line":7,"column":0},"end":{"line":7,"column":36}},"7":{"start":{"line":8,"column":0},"end":{"line":8,"column":54}},"8":{"start":{"line":9,"column":0},"end":{"line":9,"column":58}},"9":{"start":{"line":10,"column":0},"end":{"line":10,"column":56}},"10":{"start":{"line":11,"column":0},"end":{"line":11,"column":0}},"11":{"start":{"line":12,"column":0},"end":{"line":12,"column":18}},"12":{"start":{"line":13,"column":0},"end":{"line":13,"column":31}},"13":{"start":{"line":14,"column":0},"end":{"line":14,"column":5}},"14":{"start":{"line":15,"column":0},"end":{"line":15,"column":0}},"15":{"start":{"line":16,"column":0},"end":{"line":16,"column":34}},"16":{"start":{"line":17,"column":0},"end":{"line":17,"column":41}},"17":{"start":{"line":18,"column":0},"end":{"line":18,"column":39}},"18":{"start":{"line":19,"column":0},"end":{"line":19,"column":9}},"19":{"start":{"line":20,"column":0},"end":{"line":20,"column":9}},"20":{"start":{"line":21,"column":0},"end":{"line":21,"column":29}},"21":{"start":{"line":22,"column":0},"end":{"line":22,"column":32}},"22":{"start":{"line":23,"column":0},"end":{"line":23,"column":29}},"23":{"start":{"line":24,"column":0},"end":{"line":24,"column":28}},"24":{"start":{"line":25,"column":0},"end":{"line":25,"column":48}},"25":{"start":{"line":26,"column":0},"end":{"line":26,"column":6}},"26":{"start":{"line":27,"column":0},"end":{"line":27,"column":41}},"27":{"start":{"line":28,"column":0},"end":{"line":28,"column":13}},"28":{"start":{"line":29,"column":0},"end":{"line":29,"column":8}},"29":{"start":{"line":30,"column":0},"end":{"line":30,"column":5}},"30":{"start":{"line":31,"column":0},"end":{"line":31,"column":0}},"31":{"start":{"line":32,"column":0},"end":{"line":32,"column":52}},"32":{"start":{"line":33,"column":0},"end":{"line":33,"column":0}},"33":{"start":{"line":34,"column":0},"end":{"line":34,"column":56}},"34":{"start":{"line":35,"column":0},"end":{"line":35,"column":54}},"35":{"start":{"line":36,"column":0},"end":{"line":36,"column":55}},"36":{"start":{"line":37,"column":0},"end":{"line":37,"column":51}},"37":{"start":{"line":38,"column":0},"end":{"line":38,"column":60}},"38":{"start":{"line":39,"column":0},"end":{"line":39,"column":9}},"39":{"start":{"line":40,"column":0},"end":{"line":40,"column":13}},"40":{"start":{"line":41,"column":0},"end":{"line":41,"column":58}},"41":{"start":{"line":42,"column":0},"end":{"line":42,"column":9}},"42":{"start":{"line":43,"column":0},"end":{"line":43,"column":5}},"43":{"start":{"line":44,"column":0},"end":{"line":44,"column":0}},"44":{"start":{"line":45,"column":0},"end":{"line":45,"column":56}},"45":{"start":{"line":46,"column":0},"end":{"line":46,"column":53}},"46":{"start":{"line":47,"column":0},"end":{"line":47,"column":35}},"47":{"start":{"line":48,"column":0},"end":{"line":48,"column":44}},"48":{"start":{"line":49,"column":0},"end":{"line":49,"column":40}},"49":{"start":{"line":50,"column":0},"end":{"line":50,"column":10}},"50":{"start":{"line":51,"column":0},"end":{"line":51,"column":24}},"51":{"start":{"line":52,"column":0},"end":{"line":52,"column":5}},"52":{"start":{"line":53,"column":0},"end":{"line":53,"column":0}},"53":{"start":{"line":54,"column":0},"end":{"line":54,"column":74}},"54":{"start":{"line":55,"column":0},"end":{"line":55,"column":29}},"55":{"start":{"line":56,"column":0},"end":{"line":56,"column":34}},"56":{"start":{"line":57,"column":0},"end":{"line":57,"column":58}},"57":{"start":{"line":58,"column":0},"end":{"line":58,"column":37}},"58":{"start":{"line":59,"column":0},"end":{"line":59,"column":61}},"59":{"start":{"line":60,"column":0},"end":{"line":60,"column":35}},"60":{"start":{"line":61,"column":0},"end":{"line":61,"column":59}},"61":{"start":{"line":62,"column":0},"end":{"line":62,"column":16}},"62":{"start":{"line":63,"column":0},"end":{"line":63,"column":64}},"63":{"start":{"line":64,"column":0},"end":{"line":64,"column":8}},"64":{"start":{"line":65,"column":0},"end":{"line":65,"column":5}},"65":{"start":{"line":66,"column":0},"end":{"line":66,"column":5}},"66":{"start":{"line":67,"column":0},"end":{"line":67,"column":1}}},"s":{"0":1,"1":1,"2":1,"3":1,"4":1,"5":1,"6":1,"7":1,"8":1,"9":1,"10":1,"11":1,"12":7,"13":7,"14":1,"15":1,"16":7,"17":2,"18":2,"19":7,"20":7,"21":7,"22":7,"23":7,"24":21,"25":9,"26":9,"27":7,"28":7,"29":7,"30":1,"31":1,"32":5,"33":5,"34":5,"35":5,"36":5,"37":1,"38":1,"39":1,"40":1,"41":1,"42":5,"43":1,"44":1,"45":3,"46":3,"47":3,"48":3,"49":3,"50":3,"51":3,"52":1,"53":1,"54":4,"55":4,"56":1,"57":4,"58":1,"59":4,"60":1,"61":4,"62":1,"63":4,"64":4,"65":1,"66":1},"branchMap":{"0":{"type":"branch","line":12,"loc":{"start":{"line":12,"column":4},"end":{"line":14,"column":5}},"locations":[{"start":{"line":12,"column":4},"end":{"line":14,"column":5}}]},"1":{"type":"branch","line":16,"loc":{"start":{"line":16,"column":29},"end":{"line":30,"column":5}},"locations":[{"start":{"line":16,"column":29},"end":{"line":30,"column":5}}]},"2":{"type":"branch","line":17,"loc":{"start":{"line":17,"column":40},"end":{"line":19,"column":9}},"locations":[{"start":{"line":17,"column":40},"end":{"line":19,"column":9}}]},"3":{"type":"branch","line":24,"loc":{"start":{"line":24,"column":19},"end":{"line":28,"column":11}},"locations":[{"start":{"line":24,"column":19},"end":{"line":28,"column":11}}]},"4":{"type":"branch","line":25,"loc":{"start":{"line":25,"column":41},"end":{"line":25,"column":48}},"locations":[{"start":{"line":25,"column":41},"end":{"line":25,"column":48}}]},"5":{"type":"branch","line":26,"loc":{"start":{"line":26,"column":-2},"end":{"line":28,"column":11}},"locations":[{"start":{"line":26,"column":-2},"end":{"line":28,"column":11}}]},"6":{"type":"branch","line":45,"loc":{"start":{"line":45,"column":28},"end":{"line":52,"column":5}},"locations":[{"start":{"line":45,"column":28},"end":{"line":52,"column":5}}]},"7":{"type":"branch","line":47,"loc":{"start":{"line":47,"column":25},"end":{"line":47,"column":35}},"locations":[{"start":{"line":47,"column":25},"end":{"line":47,"column":35}}]},"8":{"type":"branch","line":49,"loc":{"start":{"line":49,"column":12},"end":{"line":49,"column":40}},"locations":[{"start":{"line":49,"column":12},"end":{"line":49,"column":40}}]},"9":{"type":"branch","line":32,"loc":{"start":{"line":32,"column":9},"end":{"line":43,"column":5}},"locations":[{"start":{"line":32,"column":9},"end":{"line":43,"column":5}}]},"10":{"type":"branch","line":36,"loc":{"start":{"line":36,"column":48},"end":{"line":36,"column":54}},"locations":[{"start":{"line":36,"column":48},"end":{"line":36,"column":54}}]},"11":{"type":"branch","line":36,"loc":{"start":{"line":36,"column":54},"end":{"line":37,"column":50}},"locations":[{"start":{"line":36,"column":54},"end":{"line":37,"column":50}}]},"12":{"type":"branch","line":37,"loc":{"start":{"line":37,"column":50},"end":{"line":42,"column":9}},"locations":[{"start":{"line":37,"column":50},"end":{"line":42,"column":9}}]},"13":{"type":"branch","line":54,"loc":{"start":{"line":54,"column":10},"end":{"line":65,"column":5}},"locations":[{"start":{"line":54,"column":10},"end":{"line":65,"column":5}}]},"14":{"type":"branch","line":56,"loc":{"start":{"line":56,"column":8},"end":{"line":57,"column":58}},"locations":[{"start":{"line":56,"column":8},"end":{"line":57,"column":58}}]},"15":{"type":"branch","line":58,"loc":{"start":{"line":58,"column":8},"end":{"line":59,"column":61}},"locations":[{"start":{"line":58,"column":8},"end":{"line":59,"column":61}}]},"16":{"type":"branch","line":60,"loc":{"start":{"line":60,"column":8},"end":{"line":61,"column":59}},"locations":[{"start":{"line":60,"column":8},"end":{"line":61,"column":59}}]},"17":{"type":"branch","line":62,"loc":{"start":{"line":62,"column":8},"end":{"line":63,"column":64}},"locations":[{"start":{"line":62,"column":8},"end":{"line":63,"column":64}}]}},"b":{"0":[7],"1":[7],"2":[2],"3":[21],"4":[12],"5":[9],"6":[3],"7":[0],"8":[10],"9":[5],"10":[3],"11":[2],"12":[1],"13":[4],"14":[1],"15":[1],"16":[1],"17":[1]},"fnMap":{"0":{"name":"FileSystemDataSource","decl":{"start":{"line":12,"column":4},"end":{"line":14,"column":5}},"loc":{"start":{"line":12,"column":4},"end":{"line":14,"column":5}},"line":12},"1":{"name":"FileSystemDataSource.createLogsFiles","decl":{"start":{"line":16,"column":29},"end":{"line":30,"column":5}},"loc":{"start":{"line":16,"column":29},"end":{"line":30,"column":5}},"line":16},"2":{"name":"FileSystemDataSource.getLogsFromFile","decl":{"start":{"line":45,"column":28},"end":{"line":52,"column":5}},"loc":{"start":{"line":45,"column":28},"end":{"line":52,"column":5}},"line":45},"3":{"name":"saveLog","decl":{"start":{"line":32,"column":9},"end":{"line":43,"column":5}},"loc":{"start":{"line":32,"column":9},"end":{"line":43,"column":5}},"line":32},"4":{"name":"getLogs","decl":{"start":{"line":54,"column":10},"end":{"line":65,"column":5}},"loc":{"start":{"line":54,"column":10},"end":{"line":65,"column":5}},"line":54}},"f":{"0":7,"1":7,"2":3,"3":5,"4":4}}
,"C:\\Users\\USER\\Dropbox\\Cursos\\Node\\05-NOC\\src\\infraestructure\\datasources\\mongo-log.datsource.ts": {"path":"C:\\Users\\USER\\Dropbox\\Cursos\\Node\\05-NOC\\src\\infraestructure\\datasources\\mongo-log.datsource.ts","all":false,"statementMap":{"0":{"start":{"line":1,"column":0},"end":{"line":1,"column":44}},"1":{"start":{"line":2,"column":0},"end":{"line":2,"column":72}},"2":{"start":{"line":3,"column":0},"end":{"line":3,"column":79}},"3":{"start":{"line":4,"column":0},"end":{"line":4,"column":0}},"4":{"start":{"line":5,"column":0},"end":{"line":5,"column":56}},"5":{"start":{"line":6,"column":0},"end":{"line":6,"column":50}},"6":{"start":{"line":7,"column":0},"end":{"line":7,"column":53}},"7":{"start":{"line":8,"column":0},"end":{"line":8,"column":54}},"8":{"start":{"line":9,"column":0},"end":{"line":9,"column":13}},"9":{"start":{"line":10,"column":0},"end":{"line":10,"column":5}},"10":{"start":{"line":11,"column":0},"end":{"line":11,"column":74}},"11":{"start":{"line":12,"column":0},"end":{"line":12,"column":42}},"12":{"start":{"line":13,"column":0},"end":{"line":13,"column":31}},"13":{"start":{"line":14,"column":0},"end":{"line":14,"column":11}},"14":{"start":{"line":15,"column":0},"end":{"line":15,"column":0}},"15":{"start":{"line":16,"column":0},"end":{"line":16,"column":66}},"16":{"start":{"line":17,"column":0},"end":{"line":17,"column":5}},"17":{"start":{"line":18,"column":0},"end":{"line":18,"column":0}},"18":{"start":{"line":19,"column":0},"end":{"line":19,"column":1}}},"s":{"0":1,"1":1,"2":1,"3":1,"4":1,"5":1,"6":2,"7":2,"8":2,"9":2,"10":1,"11":1,"12":1,"13":1,"14":1,"15":1,"16":1,"17":1,"18":1},"branchMap":{"0":{"type":"branch","line":6,"loc":{"start":{"line":6,"column":10},"end":{"line":10,"column":5}},"locations":[{"start":{"line":6,"column":10},"end":{"line":10,"column":5}}]},"1":{"type":"branch","line":11,"loc":{"start":{"line":11,"column":10},"end":{"line":17,"column":5}},"locations":[{"start":{"line":11,"column":10},"end":{"line":17,"column":5}}]},"2":{"type":"branch","line":16,"loc":{"start":{"line":16,"column":24},"end":{"line":16,"column":64}},"locations":[{"start":{"line":16,"column":24},"end":{"line":16,"column":64}}]}},"b":{"0":[2],"1":[1],"2":[2]},"fnMap":{"0":{"name":"saveLog","decl":{"start":{"line":6,"column":10},"end":{"line":10,"column":5}},"loc":{"start":{"line":6,"column":10},"end":{"line":10,"column":5}},"line":6},"1":{"name":"getLogs","decl":{"start":{"line":11,"column":10},"end":{"line":17,"column":5}},"loc":{"start":{"line":11,"column":10},"end":{"line":17,"column":5}},"line":11}},"f":{"0":2,"1":1}}
,"C:\\Users\\USER\\Dropbox\\Cursos\\Node\\05-NOC\\src\\infraestructure\\repositories\\log.repository.impl.ts": {"path":"C:\\Users\\USER\\Dropbox\\Cursos\\Node\\05-NOC\\src\\infraestructure\\repositories\\log.repository.impl.ts","all":false,"statementMap":{"0":{"start":{"line":1,"column":0},"end":{"line":1,"column":72}},"1":{"start":{"line":2,"column":0},"end":{"line":2,"column":79}},"2":{"start":{"line":3,"column":0},"end":{"line":3,"column":71}},"3":{"start":{"line":4,"column":0},"end":{"line":4,"column":0}},"4":{"start":{"line":5,"column":0},"end":{"line":5,"column":56}},"5":{"start":{"line":6,"column":0},"end":{"line":6,"column":0}},"6":{"start":{"line":7,"column":0},"end":{"line":7,"column":16}},"7":{"start":{"line":8,"column":0},"end":{"line":8,"column":53}},"8":{"start":{"line":9,"column":0},"end":{"line":9,"column":0}},"9":{"start":{"line":10,"column":0},"end":{"line":10,"column":9}},"10":{"start":{"line":11,"column":0},"end":{"line":11,"column":5}},"11":{"start":{"line":12,"column":0},"end":{"line":12,"column":50}},"12":{"start":{"line":13,"column":0},"end":{"line":13,"column":47}},"13":{"start":{"line":14,"column":0},"end":{"line":14,"column":0}},"14":{"start":{"line":15,"column":0},"end":{"line":15,"column":5}},"15":{"start":{"line":16,"column":0},"end":{"line":16,"column":74}},"16":{"start":{"line":17,"column":0},"end":{"line":17,"column":57}},"17":{"start":{"line":18,"column":0},"end":{"line":18,"column":5}},"18":{"start":{"line":19,"column":0},"end":{"line":19,"column":0}},"19":{"start":{"line":20,"column":0},"end":{"line":20,"column":0}},"20":{"start":{"line":21,"column":0},"end":{"line":21,"column":1}}},"s":{"0":1,"1":1,"2":1,"3":1,"4":1,"5":1,"6":1,"7":1,"8":1,"9":1,"10":1,"11":1,"12":1,"13":1,"14":1,"15":1,"16":1,"17":1,"18":1,"19":1,"20":1},"branchMap":{"0":{"type":"branch","line":7,"loc":{"start":{"line":7,"column":4},"end":{"line":11,"column":5}},"locations":[{"start":{"line":7,"column":4},"end":{"line":11,"column":5}}]},"1":{"type":"branch","line":12,"loc":{"start":{"line":12,"column":10},"end":{"line":15,"column":5}},"locations":[{"start":{"line":12,"column":10},"end":{"line":15,"column":5}}]},"2":{"type":"branch","line":16,"loc":{"start":{"line":16,"column":10},"end":{"line":18,"column":5}},"locations":[{"start":{"line":16,"column":10},"end":{"line":18,"column":5}}]}},"b":{"0":[1],"1":[1],"2":[1]},"fnMap":{"0":{"name":"LogRepositoryImpl","decl":{"start":{"line":7,"column":4},"end":{"line":11,"column":5}},"loc":{"start":{"line":7,"column":4},"end":{"line":11,"column":5}},"line":7},"1":{"name":"saveLog","decl":{"start":{"line":12,"column":10},"end":{"line":15,"column":5}},"loc":{"start":{"line":12,"column":10},"end":{"line":15,"column":5}},"line":12},"2":{"name":"getLogs","decl":{"start":{"line":16,"column":10},"end":{"line":18,"column":5}},"loc":{"start":{"line":16,"column":10},"end":{"line":18,"column":5}},"line":16}},"f":{"0":1,"1":1,"2":1}}
,"C:\\Users\\USER\\Dropbox\\Cursos\\Node\\05-NOC\\src\\presentation\\cron\\cron-service.ts": {"path":"C:\\Users\\USER\\Dropbox\\Cursos\\Node\\05-NOC\\src\\presentation\\cron\\cron-service.ts","all":false,"statementMap":{"0":{"start":{"line":1,"column":0},"end":{"line":1,"column":31}},"1":{"start":{"line":2,"column":0},"end":{"line":2,"column":0}},"2":{"start":{"line":3,"column":0},"end":{"line":3,"column":0}},"3":{"start":{"line":4,"column":0},"end":{"line":4,"column":29}},"4":{"start":{"line":5,"column":0},"end":{"line":5,"column":25}},"5":{"start":{"line":6,"column":0},"end":{"line":6,"column":0}},"6":{"start":{"line":7,"column":0},"end":{"line":7,"column":25}},"7":{"start":{"line":8,"column":0},"end":{"line":8,"column":56}},"8":{"start":{"line":9,"column":0},"end":{"line":9,"column":32}},"9":{"start":{"line":10,"column":0},"end":{"line":10,"column":34}},"10":{"start":{"line":11,"column":0},"end":{"line":11,"column":29}},"11":{"start":{"line":12,"column":0},"end":{"line":12,"column":11}},"12":{"start":{"line":13,"column":0},"end":{"line":13,"column":10}},"13":{"start":{"line":14,"column":0},"end":{"line":14,"column":20}},"14":{"start":{"line":15,"column":0},"end":{"line":15,"column":19}},"15":{"start":{"line":16,"column":0},"end":{"line":16,"column":5}},"16":{"start":{"line":17,"column":0},"end":{"line":17,"column":1}}},"s":{"0":1,"1":1,"2":1,"3":1,"4":1,"5":1,"6":1,"7":1,"8":1,"9":1,"10":1,"11":1,"12":1,"13":1,"14":1,"15":1,"16":1},"branchMap":{"0":{"type":"branch","line":8,"loc":{"start":{"line":8,"column":11},"end":{"line":16,"column":5}},"locations":[{"start":{"line":8,"column":11},"end":{"line":16,"column":5}}]}},"b":{"0":[1]},"fnMap":{"0":{"name":"createJob","decl":{"start":{"line":8,"column":11},"end":{"line":16,"column":5}},"loc":{"start":{"line":8,"column":11},"end":{"line":16,"column":5}},"line":8}},"f":{"0":1}}
,"C:\\Users\\USER\\Dropbox\\Cursos\\Node\\05-NOC\\src\\presentation\\email\\email.service.ts": {"path":"C:\\Users\\USER\\Dropbox\\Cursos\\Node\\05-NOC\\src\\presentation\\email\\email.service.ts","all":false,"statementMap":{"0":{"start":{"line":1,"column":0},"end":{"line":1,"column":36}},"1":{"start":{"line":2,"column":0},"end":{"line":2,"column":56}},"2":{"start":{"line":3,"column":0},"end":{"line":3,"column":71}},"3":{"start":{"line":4,"column":0},"end":{"line":4,"column":79}},"4":{"start":{"line":5,"column":0},"end":{"line":5,"column":0}},"5":{"start":{"line":6,"column":0},"end":{"line":6,"column":33}},"6":{"start":{"line":7,"column":0},"end":{"line":7,"column":23}},"7":{"start":{"line":8,"column":0},"end":{"line":8,"column":19}},"8":{"start":{"line":9,"column":0},"end":{"line":9,"column":20}},"9":{"start":{"line":10,"column":0},"end":{"line":10,"column":31}},"10":{"start":{"line":11,"column":0},"end":{"line":11,"column":1}},"11":{"start":{"line":12,"column":0},"end":{"line":12,"column":0}},"12":{"start":{"line":13,"column":0},"end":{"line":13,"column":30}},"13":{"start":{"line":14,"column":0},"end":{"line":14,"column":21}},"14":{"start":{"line":15,"column":0},"end":{"line":15,"column":17}},"15":{"start":{"line":16,"column":0},"end":{"line":16,"column":3}},"16":{"start":{"line":17,"column":0},"end":{"line":17,"column":0}},"17":{"start":{"line":18,"column":0},"end":{"line":18,"column":0}},"18":{"start":{"line":19,"column":0},"end":{"line":19,"column":2}},"19":{"start":{"line":20,"column":0},"end":{"line":20,"column":0}},"20":{"start":{"line":21,"column":0},"end":{"line":21,"column":26}},"21":{"start":{"line":22,"column":0},"end":{"line":22,"column":54}},"22":{"start":{"line":23,"column":0},"end":{"line":23,"column":36}},"23":{"start":{"line":24,"column":0},"end":{"line":24,"column":14}},"24":{"start":{"line":25,"column":0},"end":{"line":25,"column":35}},"25":{"start":{"line":26,"column":0},"end":{"line":26,"column":40}},"26":{"start":{"line":27,"column":0},"end":{"line":27,"column":9}},"27":{"start":{"line":28,"column":0},"end":{"line":28,"column":7}},"28":{"start":{"line":29,"column":0},"end":{"line":29,"column":0}},"29":{"start":{"line":30,"column":0},"end":{"line":30,"column":16}},"30":{"start":{"line":31,"column":0},"end":{"line":31,"column":7}},"31":{"start":{"line":32,"column":0},"end":{"line":32,"column":0}},"32":{"start":{"line":33,"column":0},"end":{"line":33,"column":7}},"33":{"start":{"line":34,"column":0},"end":{"line":34,"column":0}},"34":{"start":{"line":35,"column":0},"end":{"line":35,"column":62}},"35":{"start":{"line":36,"column":0},"end":{"line":36,"column":50}},"36":{"start":{"line":37,"column":0},"end":{"line":37,"column":26}},"37":{"start":{"line":38,"column":0},"end":{"line":38,"column":12}},"38":{"start":{"line":39,"column":0},"end":{"line":39,"column":62}},"39":{"start":{"line":40,"column":0},"end":{"line":40,"column":22}},"40":{"start":{"line":41,"column":0},"end":{"line":41,"column":32}},"41":{"start":{"line":42,"column":0},"end":{"line":42,"column":30}},"42":{"start":{"line":43,"column":0},"end":{"line":43,"column":39}},"43":{"start":{"line":44,"column":0},"end":{"line":44,"column":15}},"44":{"start":{"line":45,"column":0},"end":{"line":45,"column":38}},"45":{"start":{"line":46,"column":0},"end":{"line":46,"column":43}},"46":{"start":{"line":47,"column":0},"end":{"line":47,"column":37}},"47":{"start":{"line":48,"column":0},"end":{"line":48,"column":41}},"48":{"start":{"line":49,"column":0},"end":{"line":49,"column":15}},"49":{"start":{"line":50,"column":0},"end":{"line":50,"column":10}},"50":{"start":{"line":51,"column":0},"end":{"line":51,"column":41}},"51":{"start":{"line":52,"column":0},"end":{"line":52,"column":24}},"52":{"start":{"line":53,"column":0},"end":{"line":53,"column":9}},"53":{"start":{"line":54,"column":0},"end":{"line":54,"column":21}},"54":{"start":{"line":55,"column":0},"end":{"line":55,"column":38}},"55":{"start":{"line":56,"column":0},"end":{"line":56,"column":44}},"56":{"start":{"line":57,"column":0},"end":{"line":57,"column":45}},"57":{"start":{"line":58,"column":0},"end":{"line":58,"column":41}},"58":{"start":{"line":59,"column":0},"end":{"line":59,"column":15}},"59":{"start":{"line":60,"column":0},"end":{"line":60,"column":12}},"60":{"start":{"line":61,"column":0},"end":{"line":61,"column":25}},"61":{"start":{"line":62,"column":0},"end":{"line":62,"column":9}},"62":{"start":{"line":63,"column":0},"end":{"line":63,"column":5}},"63":{"start":{"line":64,"column":0},"end":{"line":64,"column":0}},"64":{"start":{"line":65,"column":0},"end":{"line":65,"column":64}},"65":{"start":{"line":66,"column":0},"end":{"line":66,"column":44}},"66":{"start":{"line":67,"column":0},"end":{"line":67,"column":26}},"67":{"start":{"line":68,"column":0},"end":{"line":68,"column":38}},"68":{"start":{"line":69,"column":0},"end":{"line":69,"column":577}},"69":{"start":{"line":70,"column":0},"end":{"line":70,"column":32}},"70":{"start":{"line":71,"column":0},"end":{"line":71,"column":10}},"71":{"start":{"line":72,"column":0},"end":{"line":72,"column":4}},"72":{"start":{"line":73,"column":0},"end":{"line":73,"column":43}},"73":{"start":{"line":74,"column":0},"end":{"line":74,"column":68}},"74":{"start":{"line":75,"column":0},"end":{"line":75,"column":70}},"75":{"start":{"line":76,"column":0},"end":{"line":76,"column":74}},"76":{"start":{"line":77,"column":0},"end":{"line":77,"column":10}},"77":{"start":{"line":78,"column":0},"end":{"line":78,"column":4}},"78":{"start":{"line":79,"column":0},"end":{"line":79,"column":31}},"79":{"start":{"line":80,"column":0},"end":{"line":80,"column":44}},"80":{"start":{"line":81,"column":0},"end":{"line":81,"column":11}},"81":{"start":{"line":82,"column":0},"end":{"line":82,"column":4}},"82":{"start":{"line":83,"column":0},"end":{"line":83,"column":7}},"83":{"start":{"line":84,"column":0},"end":{"line":84,"column":4}},"84":{"start":{"line":85,"column":0},"end":{"line":85,"column":0}},"85":{"start":{"line":86,"column":0},"end":{"line":86,"column":1}}},"s":{"0":1,"1":1,"2":1,"3":1,"4":1,"5":1,"6":1,"7":1,"8":1,"9":1,"10":1,"11":1,"12":1,"13":1,"14":1,"15":1,"16":1,"17":1,"18":1,"19":1,"20":1,"21":1,"22":1,"23":1,"24":1,"25":1,"26":1,"27":1,"28":1,"29":1,"30":1,"31":1,"32":1,"33":1,"34":1,"35":2,"36":2,"37":2,"38":2,"39":2,"40":2,"41":2,"42":2,"43":2,"44":2,"45":2,"46":2,"47":2,"48":2,"49":2,"50":2,"51":2,"52":2,"53":2,"54":0,"55":0,"56":0,"57":0,"58":0,"59":0,"60":0,"61":0,"62":2,"63":1,"64":1,"65":1,"66":1,"67":1,"68":1,"69":1,"70":1,"71":1,"72":1,"73":1,"74":1,"75":1,"76":1,"77":1,"78":1,"79":1,"80":1,"81":1,"82":1,"83":1,"84":1,"85":1},"branchMap":{"0":{"type":"branch","line":30,"loc":{"start":{"line":30,"column":4},"end":{"line":33,"column":7}},"locations":[{"start":{"line":30,"column":4},"end":{"line":33,"column":7}}]},"1":{"type":"branch","line":35,"loc":{"start":{"line":35,"column":10},"end":{"line":63,"column":5}},"locations":[{"start":{"line":35,"column":10},"end":{"line":63,"column":5}}]},"2":{"type":"branch","line":54,"loc":{"start":{"line":54,"column":8},"end":{"line":62,"column":9}},"locations":[{"start":{"line":54,"column":8},"end":{"line":62,"column":9}}]},"3":{"type":"branch","line":65,"loc":{"start":{"line":65,"column":10},"end":{"line":83,"column":7}},"locations":[{"start":{"line":65,"column":10},"end":{"line":83,"column":7}}]}},"b":{"0":[1],"1":[2],"2":[0],"3":[1]},"fnMap":{"0":{"name":"EmailService","decl":{"start":{"line":30,"column":4},"end":{"line":33,"column":7}},"loc":{"start":{"line":30,"column":4},"end":{"line":33,"column":7}},"line":30},"1":{"name":"sendEmail","decl":{"start":{"line":35,"column":10},"end":{"line":63,"column":5}},"loc":{"start":{"line":35,"column":10},"end":{"line":63,"column":5}},"line":35},"2":{"name":"sendEmailWithFileSystemLogs","decl":{"start":{"line":65,"column":10},"end":{"line":83,"column":7}},"loc":{"start":{"line":65,"column":10},"end":{"line":83,"column":7}},"line":65}},"f":{"0":1,"1":2,"2":1}}
}
